# JRE version: Java(TM) SE Runtime Environment (8.0_60-b27) (build 1.8.0_60-b27)
# Java VM: Java HotSpot(TM) 64-Bit Server VM (25.60-b23 mixed mode windows-amd64 compressed oops)
Heap:
 PSYoungGen      total 36864K, used 0K [0x00000006c5000000, 0x00000006c9100000, 0x00000007c0000000)
  eden space 31744K, 0% used [0x00000006c5000000,0x00000006c5000000,0x00000006c6f00000)
  from space 5120K, 0% used [0x00000006c6f00000,0x00000006c6f00000,0x00000006c7400000)
  to   space 5120K, 0% used [0x00000006c8c00000,0x00000006c8c00000,0x00000006c9100000)
 ParOldGen       total 49664K, used 445K [0x00000004cf000000, 0x00000006c5000000, 0x00000006c5000000)
  object space 49664K, 0% used [0x00000004cf000000,0x00000004cf06f490,0x00000004d2080000)
 Metaspace       used 2593K, capacity 4486K, committed 4864K, reserved 1056768K
  class space    used 281K, capacity 386K, committed 512K, reserved 1048576K
GC Heap History (10 events):
Event: 1.046 GC heap before
{Heap before GC invocations=1 (full 0):
 PSYoungGen      total 36864K, used 2539K [0x00000006c5000000, 0x00000006c7900000, 0x00000007c0000000)
  eden space 31744K, 8% used [0x00000006c5000000,0x00000006c527af70,0x00000006c6f00000)
  from space 5120K, 0% used [0x00000006c7400000,0x00000006c7400000,0x00000006c7900000)
  to   space 5120K, 0% used [0x00000006c6f00000,0x00000006c6f00000,0x00000006c7400000)
 ParOldGen       total 84992K, used 0K [0x00000004cf000000, 0x00000004d4300000, 0x00000006c5000000)
  object space 84992K, 0% used [0x00000004cf000000,0x00000004cf000000,0x00000004d4300000)
 Metaspace       used 2593K, capacity 4486K, committed 4864K, reserved 1056768K
  class space    used 281K, capacity 386K, committed 512K, reserved 1048576K
Event: 1.047 GC heap after
Heap after GC invocations=1 (full 0):
 PSYoungGen      total 36864K, used 582K [0x00000006c5000000, 0x00000006c7900000, 0x00000007c0000000)
  eden space 31744K, 0% used [0x00000006c5000000,0x00000006c5000000,0x00000006c6f00000)
  from space 5120K, 11% used [0x00000006c6f00000,0x00000006c6f91820,0x00000006c7400000)
  to   space 5120K, 0% used [0x00000006c7400000,0x00000006c7400000,0x00000006c7900000)
 ParOldGen       total 84992K, used 8K [0x00000004cf000000, 0x00000004d4300000, 0x00000006c5000000)
  object space 84992K, 0% used [0x00000004cf000000,0x00000004cf002000,0x00000004d4300000)
 Metaspace       used 2593K, capacity 4486K, committed 4864K, reserved 1056768K
  class space    used 281K, capacity 386K, committed 512K, reserved 1048576K
}
Event: 1.047 GC heap before
{Heap before GC invocations=2 (full 0):
 PSYoungGen      total 36864K, used 582K [0x00000006c5000000, 0x00000006c7900000, 0x00000007c0000000)
  eden space 31744K, 0% used [0x00000006c5000000,0x00000006c5000000,0x00000006c6f00000)
  from space 5120K, 11% used [0x00000006c6f00000,0x00000006c6f91820,0x00000006c7400000)
  to   space 5120K, 0% used [0x00000006c7400000,0x00000006c7400000,0x00000006c7900000)
 ParOldGen       total 84992K, used 8K [0x00000004cf000000, 0x00000004d4300000, 0x00000006c5000000)
  object space 84992K, 0% used [0x00000004cf000000,0x00000004cf002000,0x00000004d4300000)
 Metaspace       used 2593K, capacity 4486K, committed 4864K, reserved 1056768K
  class space    used 281K, capacity 386K, committed 512K, reserved 1048576K
Event: 1.053 GC heap after
Heap after GC invocations=2 (full 0):
 PSYoungGen      total 36864K, used 464K [0x00000006c5000000, 0x00000006c9800000, 0x00000007c0000000)
  eden space 31744K, 0% used [0x00000006c5000000,0x00000006c5000000,0x00000006c6f00000)
  from space 5120K, 9% used [0x00000006c7400000,0x00000006c7474010,0x00000006c7900000)
  to   space 5120K, 0% used [0x00000006c6f00000,0x00000006c6f00000,0x00000006c7400000)
 ParOldGen       total 84992K, used 8K [0x00000004cf000000, 0x00000004d4300000, 0x00000006c5000000)
  object space 84992K, 0% used [0x00000004cf000000,0x00000004cf002000,0x00000004d4300000)
 Metaspace       used 2593K, capacity 4486K, committed 4864K, reserved 1056768K
  class space    used 281K, capacity 386K, committed 512K, reserved 1048576K
}
Event: 1.053 GC heap before
{Heap before GC invocations=3 (full 1):
 PSYoungGen      total 36864K, used 464K [0x00000006c5000000, 0x00000006c9800000, 0x00000007c0000000)
  eden space 31744K, 0% used [0x00000006c5000000,0x00000006c5000000,0x00000006c6f00000)
  from space 5120K, 9% used [0x00000006c7400000,0x00000006c7474010,0x00000006c7900000)
  to   space 5120K, 0% used [0x00000006c6f00000,0x00000006c6f00000,0x00000006c7400000)
 ParOldGen       total 84992K, used 8K [0x00000004cf000000, 0x00000004d4300000, 0x00000006c5000000)
  object space 84992K, 0% used [0x00000004cf000000,0x00000004cf002000,0x00000004d4300000)
 Metaspace       used 2593K, capacity 4486K, committed 4864K, reserved 1056768K
  class space    used 281K, capacity 386K, committed 512K, reserved 1048576K
Event: 1.164 GC heap after
Heap after GC invocations=3 (full 1):
 PSYoungGen      total 36864K, used 0K [0x00000006c5000000, 0x00000006c9800000, 0x00000007c0000000)
  eden space 31744K, 0% used [0x00000006c5000000,0x00000006c5000000,0x00000006c6f00000)
  from space 5120K, 0% used [0x00000006c7400000,0x00000006c7400000,0x00000006c7900000)
  to   space 5120K, 0% used [0x00000006c6f00000,0x00000006c6f00000,0x00000006c7400000)
 ParOldGen       total 37888K, used 456K [0x00000004cf000000, 0x00000004d1500000, 0x00000006c5000000)
  object space 37888K, 1% used [0x00000004cf000000,0x00000004cf0721a0,0x00000004d1500000)
 Metaspace       used 2593K, capacity 4486K, committed 4864K, reserved 1056768K
  class space    used 281K, capacity 386K, committed 512K, reserved 1048576K
}
Event: 1.237 GC heap before
{Heap before GC invocations=4 (full 1):
 PSYoungGen      total 36864K, used 0K [0x00000006c5000000, 0x00000006c9800000, 0x00000007c0000000)
  eden space 31744K, 0% used [0x00000006c5000000,0x00000006c5000000,0x00000006c6f00000)
  from space 5120K, 0% used [0x00000006c7400000,0x00000006c7400000,0x00000006c7900000)
  to   space 5120K, 0% used [0x00000006c6f00000,0x00000006c6f00000,0x00000006c7400000)
 ParOldGen       total 37888K, used 456K [0x00000004cf000000, 0x00000004d1500000, 0x00000006c5000000)
  object space 37888K, 1% used [0x00000004cf000000,0x00000004cf0721a0,0x00000004d1500000)
 Metaspace       used 2593K, capacity 4486K, committed 4864K, reserved 1056768K
  class space    used 281K, capacity 386K, committed 512K, reserved 1048576K
Event: 1.238 GC heap after
Heap after GC invocations=4 (full 1):
 PSYoungGen      total 36864K, used 0K [0x00000006c5000000, 0x00000006c9100000, 0x00000007c0000000)
  eden space 31744K, 0% used [0x00000006c5000000,0x00000006c5000000,0x00000006c6f00000)
  from space 5120K, 0% used [0x00000006c6f00000,0x00000006c6f00000,0x00000006c7400000)
  to   space 5120K, 0% used [0x00000006c8c00000,0x00000006c8c00000,0x00000006c9100000)
 ParOldGen       total 37888K, used 456K [0x00000004cf000000, 0x00000004d1500000, 0x00000006c5000000)
  object space 37888K, 1% used [0x00000004cf000000,0x00000004cf0721a0,0x00000004d1500000)
 Metaspace       used 2593K, capacity 4486K, committed 4864K, reserved 1056768K
  class space    used 281K, capacity 386K, committed 512K, reserved 1048576K
}
Event: 1.238 GC heap before
{Heap before GC invocations=5 (full 2):
 PSYoungGen      total 36864K, used 0K [0x00000006c5000000, 0x00000006c9100000, 0x00000007c0000000)
  eden space 31744K, 0% used [0x00000006c5000000,0x00000006c5000000,0x00000006c6f00000)
  from space 5120K, 0% used [0x00000006c6f00000,0x00000006c6f00000,0x00000006c7400000)
  to   space 5120K, 0% used [0x00000006c8c00000,0x00000006c8c00000,0x00000006c9100000)
 ParOldGen       total 37888K, used 456K [0x00000004cf000000, 0x00000004d1500000, 0x00000006c5000000)
  object space 37888K, 1% used [0x00000004cf000000,0x00000004cf0721a0,0x00000004d1500000)
 Metaspace       used 2593K, capacity 4486K, committed 4864K, reserved 1056768K
  class space    used 281K, capacity 386K, committed 512K, reserved 1048576K
Event: 1.257 GC heap after
Heap after GC invocations=5 (full 2):
 PSYoungGen      total 36864K, used 0K [0x00000006c5000000, 0x00000006c9100000, 0x00000007c0000000)
  eden space 31744K, 0% used [0x00000006c5000000,0x00000006c5000000,0x00000006c6f00000)
  from space 5120K, 0% used [0x00000006c6f00000,0x00000006c6f00000,0x00000006c7400000)
  to   space 5120K, 0% used [0x00000006c8c00000,0x00000006c8c00000,0x00000006c9100000)
 ParOldGen       total 49664K, used 445K [0x00000004cf000000, 0x00000004d2080000, 0x00000006c5000000)
  object space 49664K, 0% used [0x00000004cf000000,0x00000004cf06f490,0x00000004d2080000)
 Metaspace       used 2593K, capacity 4486K, committed 4864K, reserved 1056768K
  class space    used 281K, capacity 386K, committed 512K, reserved 1048576K
}

