# JRE version: Java(TM) SE Runtime Environment (8.0_60-b27) (build 1.8.0_60-b27)
# Java VM: Java HotSpot(TM) 64-Bit Server VM (25.60-b23 mixed mode windows-amd64 compressed oops)
Heap:
 PSYoungGen      total 66048K, used 3258K [0x00000000d6f00000, 0x00000000dbb80000, 0x0000000100000000)
  eden space 53760K, 6% used [0x00000000d6f00000,0x00000000d722ebd0,0x00000000da380000)
  from space 12288K, 0% used [0x00000000daf80000,0x00000000daf80000,0x00000000dbb80000)
  to   space 12288K, 0% used [0x00000000da380000,0x00000000da380000,0x00000000daf80000)
 ParOldGen       total 72192K, used 34817K [0x0000000084c00000, 0x0000000089280000, 0x00000000d6f00000)
  object space 72192K, 48% used [0x0000000084c00000,0x0000000086e00570,0x0000000089280000)
 Metaspace       used 32595K, capacity 33334K, committed 33792K, reserved 1079296K
  class space    used 3707K, capacity 3972K, committed 4096K, reserved 1048576K
GC Heap History (10 events):
Event: 170.368 GC heap before
{Heap before GC invocations=31 (full 2):
 PSYoungGen      total 69120K, used 65691K [0x00000000d6f00000, 0x00000000dc000000, 0x0000000100000000)
  eden space 58368K, 99% used [0x00000000d6f00000,0x00000000da7fcb80,0x00000000da800000)
  from space 10752K, 68% used [0x00000000db580000,0x00000000dbcaa318,0x00000000dc000000)
  to   space 12288K, 0% used [0x00000000da800000,0x00000000da800000,0x00000000db400000)
 ParOldGen       total 72192K, used 40652K [0x0000000084c00000, 0x0000000089280000, 0x00000000d6f00000)
  object space 72192K, 56% used [0x0000000084c00000,0x00000000873b32e0,0x0000000089280000)
 Metaspace       used 32559K, capacity 33370K, committed 33792K, reserved 1079296K
  class space    used 3708K, capacity 3976K, committed 4096K, reserved 1048576K
Event: 170.377 GC heap after
Heap after GC invocations=31 (full 2):
 PSYoungGen      total 62976K, used 5932K [0x00000000d6f00000, 0x00000000dbd80000, 0x0000000100000000)
  eden space 56832K, 0% used [0x00000000d6f00000,0x00000000d6f00000,0x00000000da680000)
  from space 6144K, 96% used [0x00000000da800000,0x00000000dadcb1f0,0x00000000dae00000)
  to   space 11776K, 0% used [0x00000000db200000,0x00000000db200000,0x00000000dbd80000)
 ParOldGen       total 72192K, used 40652K [0x0000000084c00000, 0x0000000089280000, 0x00000000d6f00000)
  object space 72192K, 56% used [0x0000000084c00000,0x00000000873b32e0,0x0000000089280000)
 Metaspace       used 32559K, capacity 33370K, committed 33792K, reserved 1079296K
  class space    used 3708K, capacity 3976K, committed 4096K, reserved 1048576K
}
Event: 171.662 GC heap before
{Heap before GC invocations=32 (full 2):
 PSYoungGen      total 62976K, used 62747K [0x00000000d6f00000, 0x00000000dbd80000, 0x0000000100000000)
  eden space 56832K, 99% used [0x00000000d6f00000,0x00000000da67bdb0,0x00000000da680000)
  from space 6144K, 96% used [0x00000000da800000,0x00000000dadcb1f0,0x00000000dae00000)
  to   space 11776K, 0% used [0x00000000db200000,0x00000000db200000,0x00000000dbd80000)
 ParOldGen       total 72192K, used 40652K [0x0000000084c00000, 0x0000000089280000, 0x00000000d6f00000)
  object space 72192K, 56% used [0x0000000084c00000,0x00000000873b32e0,0x0000000089280000)
 Metaspace       used 32582K, capacity 33388K, committed 33792K, reserved 1079296K
  class space    used 3709K, capacity 3978K, committed 4096K, reserved 1048576K
Event: 171.673 GC heap after
Heap after GC invocations=32 (full 2):
 PSYoungGen      total 65536K, used 7832K [0x00000000d6f00000, 0x00000000dbc00000, 0x0000000100000000)
  eden space 55296K, 0% used [0x00000000d6f00000,0x00000000d6f00000,0x00000000da500000)
  from space 10240K, 76% used [0x00000000db200000,0x00000000db9a6378,0x00000000dbc00000)
  to   space 11776K, 0% used [0x00000000da500000,0x00000000da500000,0x00000000db080000)
 ParOldGen       total 72192K, used 40652K [0x0000000084c00000, 0x0000000089280000, 0x00000000d6f00000)
  object space 72192K, 56% used [0x0000000084c00000,0x00000000873b32e0,0x0000000089280000)
 Metaspace       used 32582K, capacity 33388K, committed 33792K, reserved 1079296K
  class space    used 3709K, capacity 3978K, committed 4096K, reserved 1048576K
}
Event: 179.963 GC heap before
{Heap before GC invocations=33 (full 2):
 PSYoungGen      total 65536K, used 63128K [0x00000000d6f00000, 0x00000000dbc00000, 0x0000000100000000)
  eden space 55296K, 100% used [0x00000000d6f00000,0x00000000da500000,0x00000000da500000)
  from space 10240K, 76% used [0x00000000db200000,0x00000000db9a6378,0x00000000dbc00000)
  to   space 11776K, 0% used [0x00000000da500000,0x00000000da500000,0x00000000db080000)
 ParOldGen       total 72192K, used 40652K [0x0000000084c00000, 0x0000000089280000, 0x00000000d6f00000)
  object space 72192K, 56% used [0x0000000084c00000,0x00000000873b32e0,0x0000000089280000)
 Metaspace       used 32650K, capacity 33406K, committed 33792K, reserved 1079296K
  class space    used 3711K, capacity 3980K, committed 4096K, reserved 1048576K
Event: 179.974 GC heap after
Heap after GC invocations=33 (full 2):
 PSYoungGen      total 63488K, used 9401K [0x00000000d6f00000, 0x00000000dbb80000, 0x0000000100000000)
  eden space 53760K, 0% used [0x00000000d6f00000,0x00000000d6f00000,0x00000000da380000)
  from space 9728K, 96% used [0x00000000da500000,0x00000000dae2e4c8,0x00000000dae80000)
  to   space 12288K, 0% used [0x00000000daf80000,0x00000000daf80000,0x00000000dbb80000)
 ParOldGen       total 72192K, used 40652K [0x0000000084c00000, 0x0000000089280000, 0x00000000d6f00000)
  object space 72192K, 56% used [0x0000000084c00000,0x00000000873b32e0,0x0000000089280000)
 Metaspace       used 32650K, capacity 33406K, committed 33792K, reserved 1079296K
  class space    used 3711K, capacity 3980K, committed 4096K, reserved 1048576K
}
Event: 180.317 GC heap before
{Heap before GC invocations=34 (full 2):
 PSYoungGen      total 63488K, used 24135K [0x00000000d6f00000, 0x00000000dbb80000, 0x0000000100000000)
  eden space 53760K, 27% used [0x00000000d6f00000,0x00000000d7d63888,0x00000000da380000)
  from space 9728K, 96% used [0x00000000da500000,0x00000000dae2e4c8,0x00000000dae80000)
  to   space 12288K, 0% used [0x00000000daf80000,0x00000000daf80000,0x00000000dbb80000)
 ParOldGen       total 72192K, used 40652K [0x0000000084c00000, 0x0000000089280000, 0x00000000d6f00000)
  object space 72192K, 56% used [0x0000000084c00000,0x00000000873b32e0,0x0000000089280000)
 Metaspace       used 32650K, capacity 33406K, committed 33792K, reserved 1079296K
  class space    used 3711K, capacity 3980K, committed 4096K, reserved 1048576K
Event: 180.326 GC heap after
Heap after GC invocations=34 (full 2):
 PSYoungGen      total 66048K, used 4184K [0x00000000d6f00000, 0x00000000dbb80000, 0x0000000100000000)
  eden space 53760K, 0% used [0x00000000d6f00000,0x00000000d6f00000,0x00000000da380000)
  from space 12288K, 34% used [0x00000000daf80000,0x00000000db396338,0x00000000dbb80000)
  to   space 12288K, 0% used [0x00000000da380000,0x00000000da380000,0x00000000daf80000)
 ParOldGen       total 72192K, used 40652K [0x0000000084c00000, 0x0000000089280000, 0x00000000d6f00000)
  object space 72192K, 56% used [0x0000000084c00000,0x00000000873b32e0,0x0000000089280000)
 Metaspace       used 32650K, capacity 33406K, committed 33792K, reserved 1079296K
  class space    used 3711K, capacity 3980K, committed 4096K, reserved 1048576K
}
Event: 180.326 GC heap before
{Heap before GC invocations=35 (full 3):
 PSYoungGen      total 66048K, used 4184K [0x00000000d6f00000, 0x00000000dbb80000, 0x0000000100000000)
  eden space 53760K, 0% used [0x00000000d6f00000,0x00000000d6f00000,0x00000000da380000)
  from space 12288K, 34% used [0x00000000daf80000,0x00000000db396338,0x00000000dbb80000)
  to   space 12288K, 0% used [0x00000000da380000,0x00000000da380000,0x00000000daf80000)
 ParOldGen       total 72192K, used 40652K [0x0000000084c00000, 0x0000000089280000, 0x00000000d6f00000)
  object space 72192K, 56% used [0x0000000084c00000,0x00000000873b32e0,0x0000000089280000)
 Metaspace       used 32650K, capacity 33406K, committed 33792K, reserved 1079296K
  class space    used 3711K, capacity 3980K, committed 4096K, reserved 1048576K
Event: 180.764 GC heap after
Heap after GC invocations=35 (full 3):
 PSYoungGen      total 66048K, used 0K [0x00000000d6f00000, 0x00000000dbb80000, 0x0000000100000000)
  eden space 53760K, 0% used [0x00000000d6f00000,0x00000000d6f00000,0x00000000da380000)
  from space 12288K, 0% used [0x00000000daf80000,0x00000000daf80000,0x00000000dbb80000)
  to   space 12288K, 0% used [0x00000000da380000,0x00000000da380000,0x00000000daf80000)
 ParOldGen       total 72192K, used 34817K [0x0000000084c00000, 0x0000000089280000, 0x00000000d6f00000)
  object space 72192K, 48% used [0x0000000084c00000,0x0000000086e00570,0x0000000089280000)
 Metaspace       used 32590K, capacity 33334K, committed 33792K, reserved 1079296K
  class space    used 3706K, capacity 3972K, committed 4096K, reserved 1048576K
}

